Build started 13/12/2015 18:55:47.
Project "C:\Users\Vitor\Documents\Visual Studio 2013\Projects\CourseWork\CourseWork\CourseWork.vcxproj" on node 2 (Build target(s)).
ClCompile:
  C:\Program Files (x86)\Microsoft Visual Studio 12.0\VC\bin\CL.exe /c /I"C:\Users\Vitor\Documents\Visual Studio 2013\Projects\SFML-2.3.2\include" /ZI /nologo /W3 /WX- /sdl /Od /Oy- /D SFML_STATIC /D _MBCS /Gm /EHsc /RTC1 /MDd /GS /fp:precise /Zc:wchar_t /Zc:forScope /Fo"Debug\\" /Fd"Debug\vc120.pdb" /Gd /TP /analyze- /errorReport:prompt src\main.cpp
  main.cpp
c:\users\vitor\documents\visual studio 2013\projects\coursework\coursework\include\car.h(4): warning C4067: unexpected tokens following preprocessor directive - expected a newline
c:\users\vitor\documents\visual studio 2013\projects\coursework\coursework\src\main.cpp(16): warning C4018: '<' : signed/unsigned mismatch
c:\users\vitor\documents\visual studio 2013\projects\coursework\coursework\src\main.cpp(68): warning C4018: '<' : signed/unsigned mismatch
Link:
  C:\Program Files (x86)\Microsoft Visual Studio 12.0\VC\bin\link.exe /ERRORREPORT:PROMPT /OUT:"C:\Users\Vitor\Documents\Visual Studio 2013\Projects\CourseWork\Debug\CourseWork.exe" /INCREMENTAL /NOLOGO /LIBPATH:"C:\Users\Vitor\Documents\Visual Studio 2013\Projects\SFML-2.3.2\lib" "sfml-graphics-s-d.lib" "sfml-window-s-d.lib" "sfml-system-s-d.lib" opengl32.lib freetype.lib jpeg.lib winmm.lib gdi32.lib kernel32.lib user32.lib gdi32.lib winspool.lib comdlg32.lib advapi32.lib shell32.lib ole32.lib oleaut32.lib uuid.lib odbc32.lib odbccp32.lib /MANIFEST /MANIFESTUAC:"level='asInvoker' uiAccess='false'" /manifest:embed /DEBUG /PDB:"C:\Users\Vitor\Documents\Visual Studio 2013\Projects\CourseWork\Debug\CourseWork.pdb" /TLBID:1 /DYNAMICBASE /NXCOMPAT /IMPLIB:"C:\Users\Vitor\Documents\Visual Studio 2013\Projects\CourseWork\Debug\CourseWork.lib" /MACHINE:X86 Debug\car.obj
  Debug\circle.obj
  Debug\collidable.obj
  Debug\collision.obj
  Debug\game.obj
  Debug\main.obj
  Debug\obb.obj
  CourseWork.vcxproj -> C:\Users\Vitor\Documents\Visual Studio 2013\Projects\CourseWork\Debug\CourseWork.exe
Done Building Project "C:\Users\Vitor\Documents\Visual Studio 2013\Projects\CourseWork\CourseWork\CourseWork.vcxproj" (Build target(s)).

Build succeeded.

Time Elapsed 00:00:02.48
